Exception: no message : Map File not found
   at LKCamelotV2.World.Map.Init() in C:\Users\gohan\Documents\github\LKemu\LKEmuV2\World\Map.cs:line 544
   at LKCamelotV2.World.World.AddMap(String name, String diskName, E_MapType mtype, String tilet, Int32 time, Int32 lr) in C:\Users\gohan\Documents\github\LKemu\LKEmuV2\World\World.cs:line 110
   at LKCamelotV2.Scripts.Maps.Load() in C:\Users\gohan\Documents\github\LKemu\LKEmuV2\Scripts\Maps.cs:line 12
   at LKCamelotV2.Scripts.Script.Load() in C:\Users\gohan\Documents\github\LKemu\LKEmuV2\Scripts\Script.cs:line 14
   at LKCamelotV2.Program.Main(String[] args) in C:\Users\gohan\Documents\github\LKemu\LKEmuV2\Program.cs:line 32
Exception: no message : Map File not found
   at LKCamelotV2.World.Map.Init() in C:\Users\gohan\Documents\github\LKemu\LKEmuV2\World\Map.cs:line 544
   at LKCamelotV2.World.World.AddMap(String name, String diskName, E_MapType mtype, String tilet, Int32 time, Int32 lr) in C:\Users\gohan\Documents\github\LKemu\LKEmuV2\World\World.cs:line 110
   at LKCamelotV2.Scripts.Maps.Load() in C:\Users\gohan\Documents\github\LKemu\LKEmuV2\Scripts\Maps.cs:line 12
   at LKCamelotV2.Scripts.Script.Load() in C:\Users\gohan\Documents\github\LKemu\LKEmuV2\Scripts\Script.cs:line 14
   at LKCamelotV2.Program.Main(String[] args) in C:\Users\gohan\Documents\github\LKemu\LKEmuV2\Program.cs:line 32
Exception: no message : Object reference not set to an instance of an object.
   at LKCamelotV2.Scripts.Spells.<>c.<Load>b__1_59(LeafSpell s, Player p, Mobile tar, Point2D tarloc) in C:\Users\gohan\Documents\github\LKemu\LKEmuV2\Scripts\Spells.cs:line 738
   at LKCamelotV2.Player.Spells.Cast(LeafSpell spell) in C:\Users\gohan\Documents\github\LKemu\LKEmuV2\Player\Spells.cs:line 103
   at LKCamelotV2.Network.GameConnection.OnCastNoTarget(GameMessage msga) in C:\Users\gohan\Documents\github\LKemu\LKEmuV2\Network\GameConnection.cs:line 171
   at LKCamelotV2.Network.GameConnection.OnData(Byte[] msg, Int32 offset, Int32 bytestrans) in C:\Users\gohan\Documents\github\LKemu\LKEmuV2\Network\GameConnection.cs:line 108
   at Thixi.Server.ProcessReceive(SocketAsyncEventArgs e) in C:\Users\gohan\Documents\github\LKemu\LKEmuV2\Thixi\Server.cs:line 178
   at Thixi.Server.IO_Completed(Object sender, SocketAsyncEventArgs e) in C:\Users\gohan\Documents\github\LKemu\LKEmuV2\Thixi\Server.cs:line 111
   at System.Net.Sockets.SocketAsyncEventArgs.OnCompleted(SocketAsyncEventArgs e)
   at System.Net.Sockets.SocketAsyncEventArgs.ExecutionCallback(Object ignored)
   at System.Threading.ExecutionContext.RunInternal(ExecutionContext executionContext, ContextCallback callback, Object state, Boolean preserveSyncCtx)
   at System.Threading.ExecutionContext.Run(ExecutionContext executionContext, ContextCallback callback, Object state, Boolean preserveSyncCtx)
   at System.Threading.ExecutionContext.Run(ExecutionContext executionContext, ContextCallback callback, Object state)
   at System.Net.Sockets.SocketAsyncEventArgs.FinishOperationSuccess(SocketError socketError, Int32 bytesTransferred, SocketFlags flags)
   at System.Net.Sockets.SocketAsyncEventArgs.CompletionPortCallback(UInt32 errorCode, UInt32 numBytes, NativeOverlapped* nativeOverlapped)
   at System.Threading._IOCompletionCallback.PerformIOCompletionCallback(UInt32 errorCode, UInt32 numBytes, NativeOverlapped* pOVERLAP)
