07/01/2026 20:51 Starting time ticker
07/01/2026 20:51 Loading Scripts
07/01/2026 20:51 Adding Map: Rest diskName: erest.map
07/01/2026 20:52 Starting time ticker
07/01/2026 20:52 Loading Scripts
07/01/2026 20:52 Adding Map: Rest diskName: erest.map
07/01/2026 20:56 Starting time ticker
07/01/2026 20:56 Loading Scripts
07/01/2026 20:56 Adding Map: Rest diskName: erest.map
07/01/2026 20:56 Adding Map: St. Andover diskName: 32.map
07/01/2026 20:56 Adding Map: Loen diskName: loen.map
07/01/2026 20:56 Adding Map: Arnold diskName: anold.map
07/01/2026 20:56 Adding Map: Miner0 diskName: miner0.map
07/01/2026 20:56 Adding Map: Miner1 diskName: miner1.map
07/01/2026 20:56 Adding Map: Miner2 diskName: miner2.map
07/01/2026 20:56 Adding Map: Miner3 diskName: miner3.map
07/01/2026 20:56 Adding Map: PS1 diskName: ps01.map
07/01/2026 20:56 Adding Map: PS2 diskName: ps02.map
07/01/2026 20:56 Adding Map: PS3 diskName: ps03.map
07/01/2026 20:56 Adding Map: Weakly1 diskName: weakly1.map
07/01/2026 20:56 Adding Map: Weakly2 diskName: weakly2.map
07/01/2026 20:56 Adding Map: Weakly3 diskName: weakly3.map
07/01/2026 20:56 Adding Map: Weakly4 diskName: weakly4.map
07/01/2026 20:56 Adding Map: Weakly5 diskName: weakly5.map
07/01/2026 20:56 Adding Map: Skel1 diskName: skel1.map
07/01/2026 20:56 Adding Map: Skel2 diskName: skel2.map
07/01/2026 20:56 Adding Map: Skel3 diskName: skel3.map
07/01/2026 20:56 Adding Map: Skel4 diskName: skel4.map
07/01/2026 20:56 Adding Map: Skel5 diskName: skel5.map
07/01/2026 20:56 Adding Map: Beginner diskName: estart2.map
07/01/2026 20:56 Adding Map: Biggun1 diskName: estart4.map
07/01/2026 20:56 Adding Map: Biggun2 diskName: estart3.map
07/01/2026 20:56 Adding Map: ELevel diskName: elevel.map
07/01/2026 20:56 Adding Map: 010 diskName: 010map.map
07/01/2026 20:56 Adding Map: 020 diskName: 020map.map
07/01/2026 20:56 Adding Map: 030 diskName: 030map.map
07/01/2026 20:56 Adding Map: 040 diskName: 040map.map
07/01/2026 20:56 Adding Map: 050 diskName: 050map.map
07/01/2026 20:56 Adding Map: 060 diskName: 060map.map
07/01/2026 20:56 Adding Map: 061 diskName: 061map.map
07/01/2026 20:56 Adding Map: 070 diskName: 070map.map
07/01/2026 20:56 Adding Map: 071 diskName: 071map.map
07/01/2026 20:56 Adding Map: 080 diskName: 080map.map
07/01/2026 20:56 Adding Map: 081 diskName: 081map.map
07/01/2026 20:56 Adding Map: VV1 diskName: vv1.map
07/01/2026 20:56 Adding Map: VV2 diskName: vv2.map
07/01/2026 20:56 Adding Map: VV3 diskName: vv3.map
07/01/2026 20:56 Adding Map: VV4 diskName: vv4.map
07/01/2026 20:56 Adding Map: VV5 diskName: vv5.map
07/01/2026 20:56 Adding Map: Cave diskName: Cave.map
07/01/2026 20:56 Adding Map: Cave1 diskName: cave1.map
07/01/2026 20:56 Adding Map: Cave2 diskName: cave2.map
07/01/2026 20:56 Adding Map: Golem diskName: golem.map
07/01/2026 20:56 Adding Map: Golem1 diskName: golem1.map
07/01/2026 20:56 Adding Map: Golem2 diskName: golem2.map
07/01/2026 20:56 Adding Map: Golem3 diskName: golem3.map
07/01/2026 20:56 Adding Map: Golem12 diskName: golem12.map
07/01/2026 20:56 Adding Map: Miro1 diskName: miro1.map
07/01/2026 20:56 Adding Map: Venture4 diskName: estart4.map
07/01/2026 20:56 Adding Map: Great diskName: great.map
07/01/2026 20:56 Adding Map: ItemVillage diskName: ivillage.map
07/01/2026 20:56 Adding Map: ItemPigmy1 diskName: ipigmy1.map
07/01/2026 20:56 Adding Map: ItemPigmy2 diskName: ipigmy2.map
07/01/2026 20:56 Adding Map: ItemPigmy3 diskName: ipigmy3.map
07/01/2026 20:56 Adding Map: ItemZomby1 diskName: izomby1.map
07/01/2026 20:56 Adding Map: ItemZomby2 diskName: izomby2.map
07/01/2026 20:56 Adding Map: ItemZomby3 diskName: izomby3.map
07/01/2026 20:56 Adding Map: ItemSkel1 diskName: iskel1.map
07/01/2026 20:56 Adding Map: ItemSkel2 diskName: iskel2.map
07/01/2026 20:56 Adding Map: ItemSkel3 diskName: iskel3.map
07/01/2026 20:56 Adding Map: ItemButcher1 diskName: ibut1.map
07/01/2026 20:56 Adding Map: ItemButcher2 diskName: ibut2.map
07/01/2026 20:56 Adding Map: ItemButcher3 diskName: ibut3.map
07/01/2026 20:56 Adding Map: ItemMummy1 diskName: imummy1.map
07/01/2026 20:56 Adding Map: ItemMummy2 diskName: imummy2.map
07/01/2026 20:56 Adding Map: ItemMummy3 diskName: imummy3.map
07/01/2026 20:56 Adding Map: ItemStone1 diskName: istone1.map
07/01/2026 20:56 Adding Map: ItemStone2 diskName: istone2.map
07/01/2026 20:56 Adding Map: ItemStone3 diskName: istone3.map
07/01/2026 20:56 Adding Map: ItemStone4 diskName: istone4.map
07/01/2026 20:56 Adding Map: ItemDummy1 diskName: imummy1.map
07/01/2026 20:56 Adding Map: ItemDummy2 diskName: imummy2.map
07/01/2026 20:56 Adding Map: ItemDummy3 diskName: imummy3.map
07/01/2026 20:56 Adding Map: ItemDummy4 diskName: istone3.map
07/01/2026 20:56 Adding Map: ItemDummy5 diskName: istone4.map
07/01/2026 20:56 Adding Map: ItemWarDummy1 diskName: imummy1.map
07/01/2026 20:56 Adding Map: ItemWarDummy2 diskName: imummy2.map
07/01/2026 20:56 Adding Map: ItemWarDummy3 diskName: imummy3.map
07/01/2026 20:56 Adding Map: ItemWarDummy4 diskName: istone3.map
07/01/2026 20:56 Adding Map: ItemWarDummy5 diskName: istone4.map
07/01/2026 20:56 Adding Map: ItemHardboil1 diskName: imummy1.map
07/01/2026 20:56 Adding Map: ItemHardboil2 diskName: imummy2.map
07/01/2026 20:56 Adding Map: ItemHardboil3 diskName: imummy3.map
07/01/2026 20:56 Adding Map: ItemHardboil4 diskName: istone3.map
07/01/2026 20:56 Adding Map: ItemHardboil5 diskName: istone4.map
07/01/2026 20:56 Adding Map: ItemGolem1 diskName: imummy1.map
07/01/2026 20:56 Adding Map: ItemGolem2 diskName: imummy2.map
07/01/2026 20:56 Adding Map: ItemGolem3 diskName: imummy3.map
07/01/2026 20:56 Adding Map: ItemGolem4 diskName: istone3.map
07/01/2026 20:56 Adding Map: ItemGolem5 diskName: istone4.map
07/01/2026 20:56 Starting tick thread machine
07/01/2026 20:56 Starting Game Server on port: 1811
07/01/2026 20:57 +127.0.0.1  connid: 1
07/01/2026 20:57 OPCode: 2 unknown
07/01/2026 20:57 OPCode: FF unknown
07/01/2026 20:57 +127.0.0.1  connid: 2
07/01/2026 20:57 OPCode: 2 unknown
07/01/2026 20:57 OPCode: FF unknown
07/01/2026 20:58 +127.0.0.1  connid: 3
07/01/2026 20:58 OPCode: 2 unknown
07/01/2026 20:58 OPCode: FF unknown
07/01/2026 21:06 World Saving
07/01/2026 21:12 Starting time ticker
07/01/2026 21:12 Loading Scripts
07/01/2026 21:12 Adding Map: Rest diskName: erest.map
07/01/2026 21:12 Adding Map: St. Andover diskName: 32.map
07/01/2026 21:12 Adding Map: Loen diskName: loen.map
07/01/2026 21:12 Adding Map: Arnold diskName: anold.map
07/01/2026 21:12 Adding Map: Miner0 diskName: miner0.map
07/01/2026 21:12 Adding Map: Miner1 diskName: miner1.map
07/01/2026 21:12 Adding Map: Miner2 diskName: miner2.map
07/01/2026 21:12 Adding Map: Miner3 diskName: miner3.map
07/01/2026 21:12 Adding Map: PS1 diskName: ps01.map
07/01/2026 21:12 Adding Map: PS2 diskName: ps02.map
07/01/2026 21:12 Adding Map: PS3 diskName: ps03.map
07/01/2026 21:12 Adding Map: Weakly1 diskName: weakly1.map
07/01/2026 21:12 Adding Map: Weakly2 diskName: weakly2.map
07/01/2026 21:12 Adding Map: Weakly3 diskName: weakly3.map
07/01/2026 21:12 Adding Map: Weakly4 diskName: weakly4.map
07/01/2026 21:12 Adding Map: Weakly5 diskName: weakly5.map
07/01/2026 21:12 Adding Map: Skel1 diskName: skel1.map
07/01/2026 21:12 Adding Map: Skel2 diskName: skel2.map
07/01/2026 21:12 Adding Map: Skel3 diskName: skel3.map
07/01/2026 21:12 Adding Map: Skel4 diskName: skel4.map
07/01/2026 21:12 Adding Map: Skel5 diskName: skel5.map
07/01/2026 21:12 Adding Map: Beginner diskName: estart2.map
07/01/2026 21:12 Adding Map: Biggun1 diskName: estart4.map
07/01/2026 21:12 Adding Map: Biggun2 diskName: estart3.map
07/01/2026 21:12 Adding Map: ELevel diskName: elevel.map
07/01/2026 21:12 Adding Map: 010 diskName: 010map.map
07/01/2026 21:12 Adding Map: 020 diskName: 020map.map
07/01/2026 21:12 Adding Map: 030 diskName: 030map.map
07/01/2026 21:12 Adding Map: 040 diskName: 040map.map
07/01/2026 21:12 Adding Map: 050 diskName: 050map.map
07/01/2026 21:12 Adding Map: 060 diskName: 060map.map
07/01/2026 21:12 Adding Map: 061 diskName: 061map.map
07/01/2026 21:12 Adding Map: 070 diskName: 070map.map
07/01/2026 21:12 Adding Map: 071 diskName: 071map.map
07/01/2026 21:12 Adding Map: 080 diskName: 080map.map
07/01/2026 21:12 Adding Map: 081 diskName: 081map.map
07/01/2026 21:12 Adding Map: VV1 diskName: vv1.map
07/01/2026 21:12 Adding Map: VV2 diskName: vv2.map
07/01/2026 21:12 Adding Map: VV3 diskName: vv3.map
07/01/2026 21:12 Adding Map: VV4 diskName: vv4.map
07/01/2026 21:12 Adding Map: VV5 diskName: vv5.map
07/01/2026 21:12 Adding Map: Cave diskName: Cave.map
07/01/2026 21:12 Adding Map: Cave1 diskName: cave1.map
07/01/2026 21:12 Adding Map: Cave2 diskName: cave2.map
07/01/2026 21:12 Adding Map: Golem diskName: golem.map
07/01/2026 21:12 Adding Map: Golem1 diskName: golem1.map
07/01/2026 21:12 Adding Map: Golem2 diskName: golem2.map
07/01/2026 21:12 Adding Map: Golem3 diskName: golem3.map
07/01/2026 21:12 Adding Map: Golem12 diskName: golem12.map
07/01/2026 21:12 Adding Map: Miro1 diskName: miro1.map
07/01/2026 21:12 Adding Map: Venture4 diskName: estart4.map
07/01/2026 21:12 Adding Map: Great diskName: great.map
07/01/2026 21:12 Adding Map: ItemVillage diskName: ivillage.map
07/01/2026 21:12 Adding Map: ItemPigmy1 diskName: ipigmy1.map
07/01/2026 21:12 Adding Map: ItemPigmy2 diskName: ipigmy2.map
07/01/2026 21:12 Adding Map: ItemPigmy3 diskName: ipigmy3.map
07/01/2026 21:12 Adding Map: ItemZomby1 diskName: izomby1.map
07/01/2026 21:12 Adding Map: ItemZomby2 diskName: izomby2.map
07/01/2026 21:12 Adding Map: ItemZomby3 diskName: izomby3.map
07/01/2026 21:12 Adding Map: ItemSkel1 diskName: iskel1.map
07/01/2026 21:12 Adding Map: ItemSkel2 diskName: iskel2.map
07/01/2026 21:12 Adding Map: ItemSkel3 diskName: iskel3.map
07/01/2026 21:12 Adding Map: ItemButcher1 diskName: ibut1.map
07/01/2026 21:12 Adding Map: ItemButcher2 diskName: ibut2.map
07/01/2026 21:12 Adding Map: ItemButcher3 diskName: ibut3.map
07/01/2026 21:12 Adding Map: ItemMummy1 diskName: imummy1.map
07/01/2026 21:12 Adding Map: ItemMummy2 diskName: imummy2.map
07/01/2026 21:12 Adding Map: ItemMummy3 diskName: imummy3.map
07/01/2026 21:12 Adding Map: ItemStone1 diskName: istone1.map
07/01/2026 21:12 Adding Map: ItemStone2 diskName: istone2.map
07/01/2026 21:12 Adding Map: ItemStone3 diskName: istone3.map
07/01/2026 21:12 Adding Map: ItemStone4 diskName: istone4.map
07/01/2026 21:12 Adding Map: ItemDummy1 diskName: imummy1.map
07/01/2026 21:12 Adding Map: ItemDummy2 diskName: imummy2.map
07/01/2026 21:12 Adding Map: ItemDummy3 diskName: imummy3.map
07/01/2026 21:12 Adding Map: ItemDummy4 diskName: istone3.map
07/01/2026 21:12 Adding Map: ItemDummy5 diskName: istone4.map
07/01/2026 21:12 Adding Map: ItemWarDummy1 diskName: imummy1.map
07/01/2026 21:12 Adding Map: ItemWarDummy2 diskName: imummy2.map
07/01/2026 21:12 Adding Map: ItemWarDummy3 diskName: imummy3.map
07/01/2026 21:12 Adding Map: ItemWarDummy4 diskName: istone3.map
07/01/2026 21:12 Adding Map: ItemWarDummy5 diskName: istone4.map
07/01/2026 21:12 Adding Map: ItemHardboil1 diskName: imummy1.map
07/01/2026 21:12 Adding Map: ItemHardboil2 diskName: imummy2.map
07/01/2026 21:12 Adding Map: ItemHardboil3 diskName: imummy3.map
07/01/2026 21:12 Adding Map: ItemHardboil4 diskName: istone3.map
07/01/2026 21:12 Adding Map: ItemHardboil5 diskName: istone4.map
07/01/2026 21:12 Adding Map: ItemGolem1 diskName: imummy1.map
07/01/2026 21:12 Adding Map: ItemGolem2 diskName: imummy2.map
07/01/2026 21:12 Adding Map: ItemGolem3 diskName: imummy3.map
07/01/2026 21:12 Adding Map: ItemGolem4 diskName: istone3.map
07/01/2026 21:12 Adding Map: ItemGolem5 diskName: istone4.map
07/01/2026 21:12 Starting tick thread machine
07/01/2026 21:12 Starting Game Server on port: 1811
07/01/2026 21:12 +127.0.0.1  connid: 1
07/01/2026 21:12 OPCode: 2 unknown
07/01/2026 21:12 OPCode: FF unknown
07/01/2026 21:13 Starting time ticker
07/01/2026 21:13 Loading Scripts
07/01/2026 21:13 Adding Map: Rest diskName: erest.map
07/01/2026 21:13 Adding Map: St. Andover diskName: 32.map
07/01/2026 21:13 Adding Map: Loen diskName: loen.map
07/01/2026 21:13 Adding Map: Arnold diskName: anold.map
07/01/2026 21:13 Adding Map: Miner0 diskName: miner0.map
07/01/2026 21:13 Adding Map: Miner1 diskName: miner1.map
07/01/2026 21:13 Adding Map: Miner2 diskName: miner2.map
07/01/2026 21:13 Adding Map: Miner3 diskName: miner3.map
07/01/2026 21:13 Adding Map: PS1 diskName: ps01.map
07/01/2026 21:13 Adding Map: PS2 diskName: ps02.map
07/01/2026 21:13 Adding Map: PS3 diskName: ps03.map
07/01/2026 21:13 Adding Map: Weakly1 diskName: weakly1.map
07/01/2026 21:13 Adding Map: Weakly2 diskName: weakly2.map
07/01/2026 21:13 Adding Map: Weakly3 diskName: weakly3.map
07/01/2026 21:13 Adding Map: Weakly4 diskName: weakly4.map
07/01/2026 21:13 Adding Map: Weakly5 diskName: weakly5.map
07/01/2026 21:13 Adding Map: Skel1 diskName: skel1.map
07/01/2026 21:13 Adding Map: Skel2 diskName: skel2.map
07/01/2026 21:13 Adding Map: Skel3 diskName: skel3.map
07/01/2026 21:13 Adding Map: Skel4 diskName: skel4.map
07/01/2026 21:13 Adding Map: Skel5 diskName: skel5.map
07/01/2026 21:13 Adding Map: Beginner diskName: estart2.map
07/01/2026 21:13 Adding Map: Biggun1 diskName: estart4.map
07/01/2026 21:13 Adding Map: Biggun2 diskName: estart3.map
07/01/2026 21:13 Adding Map: ELevel diskName: elevel.map
07/01/2026 21:13 Adding Map: 010 diskName: 010map.map
07/01/2026 21:13 Adding Map: 020 diskName: 020map.map
07/01/2026 21:13 Adding Map: 030 diskName: 030map.map
07/01/2026 21:13 Adding Map: 040 diskName: 040map.map
07/01/2026 21:13 Adding Map: 050 diskName: 050map.map
07/01/2026 21:13 Adding Map: 060 diskName: 060map.map
07/01/2026 21:13 Adding Map: 061 diskName: 061map.map
07/01/2026 21:13 Adding Map: 070 diskName: 070map.map
07/01/2026 21:13 Adding Map: 071 diskName: 071map.map
07/01/2026 21:13 Adding Map: 080 diskName: 080map.map
07/01/2026 21:13 Adding Map: 081 diskName: 081map.map
07/01/2026 21:13 Adding Map: VV1 diskName: vv1.map
07/01/2026 21:13 Adding Map: VV2 diskName: vv2.map
07/01/2026 21:13 Adding Map: VV3 diskName: vv3.map
07/01/2026 21:13 Adding Map: VV4 diskName: vv4.map
07/01/2026 21:13 Adding Map: VV5 diskName: vv5.map
07/01/2026 21:13 Adding Map: Cave diskName: Cave.map
07/01/2026 21:13 Adding Map: Cave1 diskName: cave1.map
07/01/2026 21:13 Adding Map: Cave2 diskName: cave2.map
07/01/2026 21:13 Adding Map: Golem diskName: golem.map
07/01/2026 21:13 Adding Map: Golem1 diskName: golem1.map
07/01/2026 21:13 Adding Map: Golem2 diskName: golem2.map
07/01/2026 21:13 Adding Map: Golem3 diskName: golem3.map
07/01/2026 21:13 Adding Map: Golem12 diskName: golem12.map
07/01/2026 21:13 Adding Map: Miro1 diskName: miro1.map
07/01/2026 21:13 Adding Map: Venture4 diskName: estart4.map
07/01/2026 21:13 Adding Map: Great diskName: great.map
07/01/2026 21:13 Adding Map: ItemVillage diskName: ivillage.map
07/01/2026 21:13 Adding Map: ItemPigmy1 diskName: ipigmy1.map
07/01/2026 21:13 Adding Map: ItemPigmy2 diskName: ipigmy2.map
07/01/2026 21:13 Adding Map: ItemPigmy3 diskName: ipigmy3.map
07/01/2026 21:13 Adding Map: ItemZomby1 diskName: izomby1.map
07/01/2026 21:13 Adding Map: ItemZomby2 diskName: izomby2.map
07/01/2026 21:13 Adding Map: ItemZomby3 diskName: izomby3.map
07/01/2026 21:13 Adding Map: ItemSkel1 diskName: iskel1.map
07/01/2026 21:13 Adding Map: ItemSkel2 diskName: iskel2.map
07/01/2026 21:13 Adding Map: ItemSkel3 diskName: iskel3.map
07/01/2026 21:13 Adding Map: ItemButcher1 diskName: ibut1.map
07/01/2026 21:13 Adding Map: ItemButcher2 diskName: ibut2.map
07/01/2026 21:13 Adding Map: ItemButcher3 diskName: ibut3.map
07/01/2026 21:13 Adding Map: ItemMummy1 diskName: imummy1.map
07/01/2026 21:13 Adding Map: ItemMummy2 diskName: imummy2.map
07/01/2026 21:13 Adding Map: ItemMummy3 diskName: imummy3.map
07/01/2026 21:13 Adding Map: ItemStone1 diskName: istone1.map
07/01/2026 21:13 Adding Map: ItemStone2 diskName: istone2.map
07/01/2026 21:13 Adding Map: ItemStone3 diskName: istone3.map
07/01/2026 21:13 Adding Map: ItemStone4 diskName: istone4.map
07/01/2026 21:13 Adding Map: ItemDummy1 diskName: imummy1.map
07/01/2026 21:13 Adding Map: ItemDummy2 diskName: imummy2.map
07/01/2026 21:13 Adding Map: ItemDummy3 diskName: imummy3.map
07/01/2026 21:13 Adding Map: ItemDummy4 diskName: istone3.map
07/01/2026 21:13 Adding Map: ItemDummy5 diskName: istone4.map
07/01/2026 21:13 Adding Map: ItemWarDummy1 diskName: imummy1.map
07/01/2026 21:13 Adding Map: ItemWarDummy2 diskName: imummy2.map
07/01/2026 21:13 Adding Map: ItemWarDummy3 diskName: imummy3.map
07/01/2026 21:13 Adding Map: ItemWarDummy4 diskName: istone3.map
07/01/2026 21:13 Adding Map: ItemWarDummy5 diskName: istone4.map
07/01/2026 21:13 Adding Map: ItemHardboil1 diskName: imummy1.map
07/01/2026 21:13 Adding Map: ItemHardboil2 diskName: imummy2.map
07/01/2026 21:13 Adding Map: ItemHardboil3 diskName: imummy3.map
07/01/2026 21:13 Adding Map: ItemHardboil4 diskName: istone3.map
07/01/2026 21:13 Adding Map: ItemHardboil5 diskName: istone4.map
07/01/2026 21:13 Adding Map: ItemGolem1 diskName: imummy1.map
07/01/2026 21:13 Adding Map: ItemGolem2 diskName: imummy2.map
07/01/2026 21:13 Adding Map: ItemGolem3 diskName: imummy3.map
07/01/2026 21:13 Adding Map: ItemGolem4 diskName: istone3.map
07/01/2026 21:13 Adding Map: ItemGolem5 diskName: istone4.map
07/01/2026 21:13 Starting tick thread machine
07/01/2026 21:13 Starting Game Server on port: 1811
07/01/2026 21:13 +127.0.0.1  connid: 1
07/01/2026 21:13 OPCode: 2 unknown
07/01/2026 21:13 OPCode: FF unknown
07/01/2026 21:16 Starting time ticker
07/01/2026 21:16 Loading Scripts
07/01/2026 21:16 Adding Map: Rest diskName: erest.map
07/01/2026 21:16 Adding Map: St. Andover diskName: 32.map
07/01/2026 21:16 Adding Map: Loen diskName: loen.map
07/01/2026 21:16 Adding Map: Arnold diskName: anold.map
07/01/2026 21:16 Adding Map: Miner0 diskName: miner0.map
07/01/2026 21:16 Adding Map: Miner1 diskName: miner1.map
07/01/2026 21:16 Adding Map: Miner2 diskName: miner2.map
07/01/2026 21:16 Adding Map: Miner3 diskName: miner3.map
07/01/2026 21:16 Adding Map: PS1 diskName: ps01.map
07/01/2026 21:16 Adding Map: PS2 diskName: ps02.map
07/01/2026 21:16 Adding Map: PS3 diskName: ps03.map
07/01/2026 21:16 Adding Map: Weakly1 diskName: weakly1.map
07/01/2026 21:16 Adding Map: Weakly2 diskName: weakly2.map
07/01/2026 21:16 Adding Map: Weakly3 diskName: weakly3.map
07/01/2026 21:16 Adding Map: Weakly4 diskName: weakly4.map
07/01/2026 21:16 Adding Map: Weakly5 diskName: weakly5.map
07/01/2026 21:16 Adding Map: Skel1 diskName: skel1.map
07/01/2026 21:16 Adding Map: Skel2 diskName: skel2.map
07/01/2026 21:16 Adding Map: Skel3 diskName: skel3.map
07/01/2026 21:16 Adding Map: Skel4 diskName: skel4.map
07/01/2026 21:16 Adding Map: Skel5 diskName: skel5.map
07/01/2026 21:16 Adding Map: Beginner diskName: estart2.map
07/01/2026 21:16 Adding Map: Biggun1 diskName: estart4.map
07/01/2026 21:16 Adding Map: Biggun2 diskName: estart3.map
07/01/2026 21:16 Adding Map: ELevel diskName: elevel.map
07/01/2026 21:16 Adding Map: 010 diskName: 010map.map
07/01/2026 21:16 Adding Map: 020 diskName: 020map.map
07/01/2026 21:16 Adding Map: 030 diskName: 030map.map
07/01/2026 21:16 Adding Map: 040 diskName: 040map.map
07/01/2026 21:16 Adding Map: 050 diskName: 050map.map
07/01/2026 21:16 Adding Map: 060 diskName: 060map.map
07/01/2026 21:16 Adding Map: 061 diskName: 061map.map
07/01/2026 21:16 Adding Map: 070 diskName: 070map.map
07/01/2026 21:16 Adding Map: 071 diskName: 071map.map
07/01/2026 21:16 Adding Map: 080 diskName: 080map.map
07/01/2026 21:16 Adding Map: 081 diskName: 081map.map
07/01/2026 21:16 Adding Map: VV1 diskName: vv1.map
07/01/2026 21:16 Adding Map: VV2 diskName: vv2.map
07/01/2026 21:16 Adding Map: VV3 diskName: vv3.map
07/01/2026 21:16 Adding Map: VV4 diskName: vv4.map
07/01/2026 21:16 Adding Map: VV5 diskName: vv5.map
07/01/2026 21:16 Adding Map: Cave diskName: Cave.map
07/01/2026 21:16 Adding Map: Cave1 diskName: cave1.map
07/01/2026 21:16 Adding Map: Cave2 diskName: cave2.map
07/01/2026 21:16 Adding Map: Golem diskName: golem.map
07/01/2026 21:16 Adding Map: Golem1 diskName: golem1.map
07/01/2026 21:16 Adding Map: Golem2 diskName: golem2.map
07/01/2026 21:16 Adding Map: Golem3 diskName: golem3.map
07/01/2026 21:16 Adding Map: Golem12 diskName: golem12.map
07/01/2026 21:16 Adding Map: Miro1 diskName: miro1.map
07/01/2026 21:16 Adding Map: Venture4 diskName: estart4.map
07/01/2026 21:16 Adding Map: Great diskName: great.map
07/01/2026 21:16 Adding Map: ItemVillage diskName: ivillage.map
07/01/2026 21:16 Adding Map: ItemPigmy1 diskName: ipigmy1.map
07/01/2026 21:16 Adding Map: ItemPigmy2 diskName: ipigmy2.map
07/01/2026 21:16 Adding Map: ItemPigmy3 diskName: ipigmy3.map
07/01/2026 21:16 Adding Map: ItemZomby1 diskName: izomby1.map
07/01/2026 21:16 Adding Map: ItemZomby2 diskName: izomby2.map
07/01/2026 21:16 Adding Map: ItemZomby3 diskName: izomby3.map
07/01/2026 21:16 Adding Map: ItemSkel1 diskName: iskel1.map
07/01/2026 21:16 Adding Map: ItemSkel2 diskName: iskel2.map
07/01/2026 21:16 Adding Map: ItemSkel3 diskName: iskel3.map
07/01/2026 21:16 Adding Map: ItemButcher1 diskName: ibut1.map
07/01/2026 21:16 Adding Map: ItemButcher2 diskName: ibut2.map
07/01/2026 21:16 Adding Map: ItemButcher3 diskName: ibut3.map
07/01/2026 21:16 Adding Map: ItemMummy1 diskName: imummy1.map
07/01/2026 21:16 Adding Map: ItemMummy2 diskName: imummy2.map
07/01/2026 21:16 Adding Map: ItemMummy3 diskName: imummy3.map
07/01/2026 21:16 Adding Map: ItemStone1 diskName: istone1.map
07/01/2026 21:16 Adding Map: ItemStone2 diskName: istone2.map
07/01/2026 21:16 Adding Map: ItemStone3 diskName: istone3.map
07/01/2026 21:16 Adding Map: ItemStone4 diskName: istone4.map
07/01/2026 21:16 Adding Map: ItemDummy1 diskName: imummy1.map
07/01/2026 21:16 Adding Map: ItemDummy2 diskName: imummy2.map
07/01/2026 21:16 Adding Map: ItemDummy3 diskName: imummy3.map
07/01/2026 21:16 Adding Map: ItemDummy4 diskName: istone3.map
07/01/2026 21:16 Adding Map: ItemDummy5 diskName: istone4.map
07/01/2026 21:16 Adding Map: ItemWarDummy1 diskName: imummy1.map
07/01/2026 21:16 Adding Map: ItemWarDummy2 diskName: imummy2.map
07/01/2026 21:16 Adding Map: ItemWarDummy3 diskName: imummy3.map
07/01/2026 21:16 Adding Map: ItemWarDummy4 diskName: istone3.map
07/01/2026 21:16 Adding Map: ItemWarDummy5 diskName: istone4.map
07/01/2026 21:16 Adding Map: ItemHardboil1 diskName: imummy1.map
07/01/2026 21:16 Adding Map: ItemHardboil2 diskName: imummy2.map
07/01/2026 21:16 Adding Map: ItemHardboil3 diskName: imummy3.map
07/01/2026 21:16 Adding Map: ItemHardboil4 diskName: istone3.map
07/01/2026 21:16 Adding Map: ItemHardboil5 diskName: istone4.map
07/01/2026 21:16 Adding Map: ItemGolem1 diskName: imummy1.map
07/01/2026 21:16 Adding Map: ItemGolem2 diskName: imummy2.map
07/01/2026 21:16 Adding Map: ItemGolem3 diskName: imummy3.map
07/01/2026 21:16 Adding Map: ItemGolem4 diskName: istone3.map
07/01/2026 21:16 Adding Map: ItemGolem5 diskName: istone4.map
07/01/2026 21:16 Starting tick thread machine
07/01/2026 21:16 Starting Game Server on port: 1811
07/01/2026 21:16 +127.0.0.1  connid: 1
07/01/2026 21:16 OPCode: 2 unknown
07/01/2026 21:16 OPCode: FF unknown
